
Circuit 1 cell sky130_fd_pr__nfet_01v8 and Circuit 2 cell sky130_fd_pr__nfet_01v8 are black boxes.
Warning: Equate pins:  cell sky130_fd_pr__nfet_01v8 is a placeholder, treated as a black box.
Warning: Equate pins:  cell sky130_fd_pr__nfet_01v8 is a placeholder, treated as a black box.

Subcircuit pins:
Circuit 1: sky130_fd_pr__nfet_01v8         |Circuit 2: sky130_fd_pr__nfet_01v8         
-------------------------------------------|-------------------------------------------
1                                          |1                                          
2                                          |2                                          
3                                          |3                                          
4                                          |4                                          
---------------------------------------------------------------------------------------
Cell pin lists are equivalent.
Device classes sky130_fd_pr__nfet_01v8 and sky130_fd_pr__nfet_01v8 are equivalent.

Circuit 1 cell sky130_fd_pr__pfet_01v8 and Circuit 2 cell sky130_fd_pr__pfet_01v8 are black boxes.
Warning: Equate pins:  cell sky130_fd_pr__pfet_01v8 is a placeholder, treated as a black box.
Warning: Equate pins:  cell sky130_fd_pr__pfet_01v8 is a placeholder, treated as a black box.

Subcircuit pins:
Circuit 1: sky130_fd_pr__pfet_01v8         |Circuit 2: sky130_fd_pr__pfet_01v8         
-------------------------------------------|-------------------------------------------
1                                          |1                                          
2                                          |2                                          
3                                          |3                                          
4                                          |4                                          
---------------------------------------------------------------------------------------
Cell pin lists are equivalent.
Device classes sky130_fd_pr__pfet_01v8 and sky130_fd_pr__pfet_01v8 are equivalent.
Flattening unmatched subcell INVX1 in circuit 10T_toy_xschem (1)(2 instances)

Subcircuit summary:
Circuit 1: toysram_bit                     |Circuit 2: 10T_toy_xschem                  
-------------------------------------------|-------------------------------------------
sky130_fd_pr__nfet_01v8 (8)                |sky130_fd_pr__nfet_01v8 (8)                
sky130_fd_pr__pfet_01v8 (2)                |sky130_fd_pr__pfet_01v8 (2)                
Number of devices: 10                      |Number of devices: 10                      
Number of nets: 15 **Mismatch**            |Number of nets: 13 **Mismatch**            
---------------------------------------------------------------------------------------
NET mismatches: Class fragments follow (with fanout counts):
Circuit 1: toysram_bit                     |Circuit 2: 10T_toy_xschem                  

---------------------------------------------------------------------------------------
Net: VDD                                   |Net: GND                                   
  sky130_fd_pr__pfet_01v8/(1|3) = 2        |  sky130_fd_pr__nfet_01v8/(1|3) = 4        
                                           |  sky130_fd_pr__nfet_01v8/4 = 8            
                                           |                                           
Net: w_210_89#                             |(no matching net)                          
  sky130_fd_pr__pfet_01v8/4 = 2            |                                           
                                           |                                           
Net: VSUBS                                 |(no matching net)                          
  sky130_fd_pr__nfet_01v8/4 = 8            |                                           
---------------------------------------------------------------------------------------

---------------------------------------------------------------------------------------
Net: WWL                                   |Net: WWL                                   
  sky130_fd_pr__nfet_01v8/2 = 2            |  sky130_fd_pr__nfet_01v8/2 = 2            
---------------------------------------------------------------------------------------

---------------------------------------------------------------------------------------
Net: GND                                   |Net: VDD                                   
  sky130_fd_pr__nfet_01v8/(1|3) = 4        |  sky130_fd_pr__pfet_01v8/(1|3) = 2        
                                           |  sky130_fd_pr__pfet_01v8/4 = 2            
---------------------------------------------------------------------------------------
Netlists do not match.

Subcircuit pins:
Circuit 1: toysram_bit                     |Circuit 2: 10T_toy_xschem                  
-------------------------------------------|-------------------------------------------
VDD                                        |(no matching pin)                          
WWL                                        |WWL                                        
Cell pin lists are equivalent.
Device classes toysram_bit and 10T_toy_xschem are equivalent.

Final result: Netlists do not match.
